#-----------------------------------------------------------
# Vivado v2023.1.1 (64-bit)
# SW Build 3900603 on Fri Jun 16 19:30:25 MDT 2023
# IP Build 3900379 on Sat Jun 17 05:28:05 MDT 2023
# SharedData Build 3899622 on Fri Jun 16 03:34:24 MDT 2023
# Start of session at: Mon Jan  1 23:19:41 2024
# Process ID: 183864
# Current directory: /home/mizoguchi/FW_Develop/NetWavetizer-40_V1/NetWavetizer-40_V1.srcs/sources_1/ip/gig_ethernet_pcs_pma/gig_ethernet_pcs_pma_ex
# Command line: vivado -notrace -source /home/mizoguchi/FW_Develop/NetWavetizer-40_V1/NetWavetizer-40_V1.gen/sources_1/ip/gig_ethernet_pcs_pma/gig_ethernet_pcs_pma_ex.tcl
# Log file: /home/mizoguchi/FW_Develop/NetWavetizer-40_V1/NetWavetizer-40_V1.srcs/sources_1/ip/gig_ethernet_pcs_pma/gig_ethernet_pcs_pma_ex/vivado.log
# Journal file: /home/mizoguchi/FW_Develop/NetWavetizer-40_V1/NetWavetizer-40_V1.srcs/sources_1/ip/gig_ethernet_pcs_pma/gig_ethernet_pcs_pma_ex/vivado.jou
# Running On: DESKTOP-E13TS30, OS: Linux, CPU Frequency: 2112.007 MHz, CPU Physical cores: 8, Host memory: 8160 MB
#-----------------------------------------------------------
start_gui
source /home/mizoguchi/FW_Develop/NetWavetizer-40_V1/NetWavetizer-40_V1.gen/sources_1/ip/gig_ethernet_pcs_pma/gig_ethernet_pcs_pma_ex.tcl -notrace
INFO: [open_example_project] Creating new example project...
WARNING: [Board 49-26] cannot add Board Part xilinx.com:kc705:part0:1.6 available at /tools/Xilinx/Vivado/2023.1/data/xhub/boards/XilinxBoardStore/boards/Xilinx/kc705/1.6/board.xml as part xc7k325tffg900-2 specified in board_part file is either invalid or not available
WARNING: [Board 49-26] cannot add Board Part xilinx.com:kcu105:part0:1.6 available at /tools/Xilinx/Vivado/2023.1/data/xhub/boards/XilinxBoardStore/boards/Xilinx/kcu105/1.6/board.xml as part xcku040-ffva1156-2-e specified in board_part file is either invalid or not available
WARNING: [Board 49-26] cannot add Board Part xilinx.com:kcu105:part0:1.7 available at /tools/Xilinx/Vivado/2023.1/data/xhub/boards/XilinxBoardStore/boards/Xilinx/kcu105/1.7/board.xml as part xcku040-ffva1156-2-e specified in board_part file is either invalid or not available
WARNING: [Board 49-26] cannot add Board Part xilinx.com:kcu1500:part0:1.2 available at /tools/Xilinx/Vivado/2023.1/data/xhub/boards/XilinxBoardStore/boards/Xilinx/kcu1500/1.2/board.xml as part xcku115-flvb2104-2-e specified in board_part file is either invalid or not available
WARNING: [Board 49-26] cannot add Board Part xilinx.com:vc707:part0:1.4 available at /tools/Xilinx/Vivado/2023.1/data/xhub/boards/XilinxBoardStore/boards/Xilinx/vc707/1.4/board.xml as part xc7vx485tffg1761-2 specified in board_part file is either invalid or not available
WARNING: [Board 49-26] cannot add Board Part xilinx.com:vc709:part0:1.8 available at /tools/Xilinx/Vivado/2023.1/data/xhub/boards/XilinxBoardStore/boards/Xilinx/vc709/1.8/board.xml as part xc7vx690tffg1761-2 specified in board_part file is either invalid or not available
WARNING: [Board 49-26] cannot add Board Part xilinx.com:vck190:part0:2.2 available at /tools/Xilinx/Vivado/2023.1/data/xhub/boards/XilinxBoardStore/boards/Xilinx/vck190/production/2.2/board.xml as part xcvc1902-vsva2197-2mp-e-s specified in board_part file is either invalid or not available
WARNING: [Board 49-26] cannot add Board Part xilinx.com:vck190:part0:3.0 available at /tools/Xilinx/Vivado/2023.1/data/xhub/boards/XilinxBoardStore/boards/Xilinx/vck190/production/3.0/board.xml as part xcvc1902-vsva2197-2mp-e-s specified in board_part file is either invalid or not available
WARNING: [Board 49-26] cannot add Board Part xilinx.com:vck190:part0:3.1 available at /tools/Xilinx/Vivado/2023.1/data/xhub/boards/XilinxBoardStore/boards/Xilinx/vck190/production/3.1/board.xml as part xcvc1902-vsva2197-2mp-e-s specified in board_part file is either invalid or not available
WARNING: [Board 49-26] cannot add Board Part xilinx.com:vck190:part0:3.2 available at /tools/Xilinx/Vivado/2023.1/data/xhub/boards/XilinxBoardStore/boards/Xilinx/vck190/production/3.2/board.xml as part xcvc1902-vsva2197-2mp-e-s specified in board_part file is either invalid or not available
WARNING: [Board 49-26] cannot add Board Part xilinx.com:vck190_newl:part0:1.0 available at /tools/Xilinx/Vivado/2023.1/data/xhub/boards/XilinxBoardStore/boards/Xilinx/vck190_newl/production/1.0/board.xml as part xcvc1902-vsva2197-2mp-e-s specified in board_part file is either invalid or not available
WARNING: [Board 49-26] cannot add Board Part xilinx.com:vck190_newl:part0:1.1 available at /tools/Xilinx/Vivado/2023.1/data/xhub/boards/XilinxBoardStore/boards/Xilinx/vck190_newl/production/1.1/board.xml as part xcvc1902-vsva2197-2mp-e-s specified in board_part file is either invalid or not available
WARNING: [Board 49-26] cannot add Board Part xilinx.com:vcu108:part0:1.6 available at /tools/Xilinx/Vivado/2023.1/data/xhub/boards/XilinxBoardStore/boards/Xilinx/vcu108/1.6/board.xml as part xcvu095-ffva2104-2-e specified in board_part file is either invalid or not available
WARNING: [Board 49-26] cannot add Board Part xilinx.com:vcu108:part0:1.7 available at /tools/Xilinx/Vivado/2023.1/data/xhub/boards/XilinxBoardStore/boards/Xilinx/vcu108/1.7/board.xml as part xcvu095-ffva2104-2-e specified in board_part file is either invalid or not available
WARNING: [Board 49-26] cannot add Board Part xilinx.com:vcu110:part0:1.4 available at /tools/Xilinx/Vivado/2023.1/data/xhub/boards/XilinxBoardStore/boards/Xilinx/vcu110/1.4/board.xml as part xcvu190-flgc2104-2-e specified in board_part file is either invalid or not available
WARNING: [Board 49-26] cannot add Board Part xilinx.com:vcu118:part0:2.0 available at /tools/Xilinx/Vivado/2023.1/data/xhub/boards/XilinxBoardStore/boards/Xilinx/vcu118/2.0/board.xml as part xcvu9p-flga2104-2l-e specified in board_part file is either invalid or not available
WARNING: [Board 49-26] cannot add Board Part xilinx.com:vcu118:part0:2.3 available at /tools/Xilinx/Vivado/2023.1/data/xhub/boards/XilinxBoardStore/boards/Xilinx/vcu118/2.3/board.xml as part xcvu9p-flga2104-2l-e specified in board_part file is either invalid or not available
WARNING: [Board 49-26] cannot add Board Part xilinx.com:vcu118:part0:2.4 available at /tools/Xilinx/Vivado/2023.1/data/xhub/boards/XilinxBoardStore/boards/Xilinx/vcu118/2.4/board.xml as part xcvu9p-flga2104-2l-e specified in board_part file is either invalid or not available
WARNING: [Board 49-26] cannot add Board Part xilinx.com:vcu129:part0:1.0 available at /tools/Xilinx/Vivado/2023.1/data/xhub/boards/XilinxBoardStore/boards/Xilinx/vcu129/production/1.0/board.xml as part xcvu29p-fsga2577-2l-e specified in board_part file is either invalid or not available
WARNING: [Board 49-26] cannot add Board Part xilinx.com:vcu1525:part0:1.3 available at /tools/Xilinx/Vivado/2023.1/data/xhub/boards/XilinxBoardStore/boards/Xilinx/vcu1525/1.3/board.xml as part xcvu9p-fsgd2104-2l-e specified in board_part file is either invalid or not available
WARNING: [Board 49-26] cannot add Board Part xilinx.com:vek280_es:part0:1.0 available at /tools/Xilinx/Vivado/2023.1/data/xhub/boards/XilinxBoardStore/boards/Xilinx/vek280/es/rev_a/1.0/board.xml as part xcve2802-vsvh1760-2lp-e-s-es1 specified in board_part file is either invalid or not available
WARNING: [Board 49-26] cannot add Board Part xilinx.com:vek280_es:part0:1.1 available at /tools/Xilinx/Vivado/2023.1/data/xhub/boards/XilinxBoardStore/boards/Xilinx/vek280/es/rev_a/1.1/board.xml as part xcve2802-vsvh1760-2lp-e-s-es1 specified in board_part file is either invalid or not available
WARNING: [Board 49-26] cannot add Board Part xilinx.com:vek280_es_revb:part0:1.0 available at /tools/Xilinx/Vivado/2023.1/data/xhub/boards/XilinxBoardStore/boards/Xilinx/vek280/es/rev_b/1.0/board.xml as part xcve2802-vsvh1760-2mp-e-s-es1 specified in board_part file is either invalid or not available
WARNING: [Board 49-26] cannot add Board Part xilinx.com:vek280_es_revb:part0:1.1 available at /tools/Xilinx/Vivado/2023.1/data/xhub/boards/XilinxBoardStore/boards/Xilinx/vek280/es/rev_b/1.1/board.xml as part xcve2802-vsvh1760-2mp-e-s-es1 specified in board_part file is either invalid or not available
WARNING: [Board 49-26] cannot add Board Part xilinx.com:vermeo_t1_mpsoc:part0:1.0 available at /tools/Xilinx/Vivado/2023.1/data/xhub/boards/XilinxBoardStore/boards/Xilinx/vermeo_t1_mpsoc/1.0/board.xml as part xczu19eg-ffvd1760-2l-e specified in board_part file is either invalid or not available
WARNING: [Board 49-26] cannot add Board Part xilinx.com:vermeo_t1_rfsoc:part0:1.0 available at /tools/Xilinx/Vivado/2023.1/data/xhub/boards/XilinxBoardStore/boards/Xilinx/vermeo_t1_rfsoc/1.0/board.xml as part xczu21dr-ffvd1156-2l-e specified in board_part file is either invalid or not available
WARNING: [Board 49-26] cannot add Board Part xilinx.com:vhk158:part0:1.0 available at /tools/Xilinx/Vivado/2023.1/data/xhub/boards/XilinxBoardStore/boards/Xilinx/vhk158/production/1.0/board.xml as part xcvh1582-vsva3697-2mp-e-s specified in board_part file is either invalid or not available
WARNING: [Board 49-26] cannot add Board Part xilinx.com:vhk158_es:part0:1.0 available at /tools/Xilinx/Vivado/2023.1/data/xhub/boards/XilinxBoardStore/boards/Xilinx/vhk158/es/1.0/board.xml as part xcvh1582-vsva3697-2mp-e-s-es1 specified in board_part file is either invalid or not available
WARNING: [Board 49-26] cannot add Board Part xilinx.com:vhk158_es:part0:1.1 available at /tools/Xilinx/Vivado/2023.1/data/xhub/boards/XilinxBoardStore/boards/Xilinx/vhk158/es/1.1/board.xml as part xcvh1582-vsva3697-2mp-e-s-es1 specified in board_part file is either invalid or not available
WARNING: [Board 49-26] cannot add Board Part xilinx.com:vmk180:part0:2.2 available at /tools/Xilinx/Vivado/2023.1/data/xhub/boards/XilinxBoardStore/boards/Xilinx/vmk180/production/2.2/board.xml as part xcvm1802-vsva2197-2mp-e-s specified in board_part file is either invalid or not available
WARNING: [Board 49-26] cannot add Board Part xilinx.com:vmk180:part0:3.0 available at /tools/Xilinx/Vivado/2023.1/data/xhub/boards/XilinxBoardStore/boards/Xilinx/vmk180/production/3.0/board.xml as part xcvm1802-vsva2197-2mp-e-s specified in board_part file is either invalid or not available
WARNING: [Board 49-26] cannot add Board Part xilinx.com:vmk180:part0:3.1 available at /tools/Xilinx/Vivado/2023.1/data/xhub/boards/XilinxBoardStore/boards/Xilinx/vmk180/production/3.1/board.xml as part xcvm1802-vsva2197-2mp-e-s specified in board_part file is either invalid or not available
WARNING: [Board 49-26] cannot add Board Part xilinx.com:vmk180:part0:3.2 available at /tools/Xilinx/Vivado/2023.1/data/xhub/boards/XilinxBoardStore/boards/Xilinx/vmk180/production/3.2/board.xml as part xcvm1802-vsva2197-2mp-e-s specified in board_part file is either invalid or not available
WARNING: [Board 49-26] cannot add Board Part xilinx.com:vmk180_newl:part0:1.0 available at /tools/Xilinx/Vivado/2023.1/data/xhub/boards/XilinxBoardStore/boards/Xilinx/vmk180_newl/production/1.0/board.xml as part xcvm1802-vsva2197-2mp-e-s specified in board_part file is either invalid or not available
WARNING: [Board 49-26] cannot add Board Part xilinx.com:vmk180_newl:part0:1.1 available at /tools/Xilinx/Vivado/2023.1/data/xhub/boards/XilinxBoardStore/boards/Xilinx/vmk180_newl/production/1.1/board.xml as part xcvm1802-vsva2197-2mp-e-s specified in board_part file is either invalid or not available
WARNING: [Board 49-26] cannot add Board Part xilinx.com:vpk120:part0:1.0 available at /tools/Xilinx/Vivado/2023.1/data/xhub/boards/XilinxBoardStore/boards/Xilinx/vpk120/production/1.0/board.xml as part xcvp1202-vsva2785-2mp-e-s specified in board_part file is either invalid or not available
WARNING: [Board 49-26] cannot add Board Part xilinx.com:vpk120:part0:1.1 available at /tools/Xilinx/Vivado/2023.1/data/xhub/boards/XilinxBoardStore/boards/Xilinx/vpk120/production/1.1/board.xml as part xcvp1202-vsva2785-2mp-e-s specified in board_part file is either invalid or not available
WARNING: [Board 49-26] cannot add Board Part xilinx.com:vpk120_es:part0:1.2 available at /tools/Xilinx/Vivado/2023.1/data/xhub/boards/XilinxBoardStore/boards/Xilinx/vpk120/es/1.2/board.xml as part xcvp1202-vsva2785-2mp-e-s-es1 specified in board_part file is either invalid or not available
WARNING: [Board 49-26] cannot add Board Part xilinx.com:vpk120_es:part0:1.3 available at /tools/Xilinx/Vivado/2023.1/data/xhub/boards/XilinxBoardStore/boards/Xilinx/vpk120/es/1.3/board.xml as part xcvp1202-vsva2785-2mp-e-s-es1 specified in board_part file is either invalid or not available
WARNING: [Board 49-26] cannot add Board Part xilinx.com:vpk120_es_revb:part0:1.0 available at /tools/Xilinx/Vivado/2023.1/data/xhub/boards/XilinxBoardStore/boards/Xilinx/vpk120_revb/es/1.0/board.xml as part xcvp1202-vsva2785-2mp-e-s-es1 specified in board_part file is either invalid or not available
WARNING: [Board 49-26] cannot add Board Part xilinx.com:vpk120_es_revb:part0:1.1 available at /tools/Xilinx/Vivado/2023.1/data/xhub/boards/XilinxBoardStore/boards/Xilinx/vpk120_revb/es/1.1/board.xml as part xcvp1202-vsva2785-2mp-e-s-es1 specified in board_part file is either invalid or not available
WARNING: [Board 49-26] cannot add Board Part xilinx.com:vpk180:part0:1.0 available at /tools/Xilinx/Vivado/2023.1/data/xhub/boards/XilinxBoardStore/boards/Xilinx/vpk180/production/1.0/board.xml as part xcvp1802-lsvc4072-2mp-e-s specified in board_part file is either invalid or not available
WARNING: [Board 49-26] cannot add Board Part xilinx.com:vpk180:part0:1.1 available at /tools/Xilinx/Vivado/2023.1/data/xhub/boards/XilinxBoardStore/boards/Xilinx/vpk180/production/1.1/board.xml as part xcvp1802-lsvc4072-2mp-e-s specified in board_part file is either invalid or not available
WARNING: [Board 49-26] cannot add Board Part xilinx.com:vpk180_es:part0:1.0 available at /tools/Xilinx/Vivado/2023.1/data/xhub/boards/XilinxBoardStore/boards/Xilinx/vpk180/es/1.0/board.xml as part xcvp1802-lsvc4072-2mp-e-s-es1 specified in board_part file is either invalid or not available
WARNING: [Board 49-26] cannot add Board Part xilinx.com:vpk180_es:part0:1.1 available at /tools/Xilinx/Vivado/2023.1/data/xhub/boards/XilinxBoardStore/boards/Xilinx/vpk180/es/1.1/board.xml as part xcvp1802-lsvc4072-2mp-e-s-es1 specified in board_part file is either invalid or not available
WARNING: [Board 49-26] cannot add Board Part xilinx.com:zc706:part0:1.4 available at /tools/Xilinx/Vivado/2023.1/data/xhub/boards/XilinxBoardStore/boards/Xilinx/zc706/1.4/board.xml as part xc7z045ffg900-2 specified in board_part file is either invalid or not available
WARNING: [Board 49-26] cannot add Board Part xilinx.com:zcu102:part0:3.3 available at /tools/Xilinx/Vivado/2023.1/data/xhub/boards/XilinxBoardStore/boards/Xilinx/zcu102/3.3/board.xml as part xczu9eg-ffvb1156-2-e specified in board_part file is either invalid or not available
WARNING: [Board 49-26] cannot add Board Part xilinx.com:zcu102:part0:3.4 available at /tools/Xilinx/Vivado/2023.1/data/xhub/boards/XilinxBoardStore/boards/Xilinx/zcu102/3.4/board.xml as part xczu9eg-ffvb1156-2-e specified in board_part file is either invalid or not available
WARNING: [Board 49-26] cannot add Board Part xilinx.com:zcu111:part0:1.2 available at /tools/Xilinx/Vivado/2023.1/data/xhub/boards/XilinxBoardStore/boards/Xilinx/zcu111/1.2/board.xml as part xczu28dr-ffvg1517-2-e specified in board_part file is either invalid or not available
WARNING: [Board 49-26] cannot add Board Part xilinx.com:zcu111:part0:1.3 available at /tools/Xilinx/Vivado/2023.1/data/xhub/boards/XilinxBoardStore/boards/Xilinx/zcu111/1.3/board.xml as part xczu28dr-ffvg1517-2-e specified in board_part file is either invalid or not available
WARNING: [Board 49-26] cannot add Board Part xilinx.com:zcu111:part0:1.4 available at /tools/Xilinx/Vivado/2023.1/data/xhub/boards/XilinxBoardStore/boards/Xilinx/zcu111/1.4/board.xml as part xczu28dr-ffvg1517-2-e specified in board_part file is either invalid or not available
WARNING: [Board 49-26] cannot add Board Part xilinx.com:zcu1275:part0:1.0 available at /tools/Xilinx/Vivado/2023.1/data/xhub/boards/XilinxBoardStore/boards/Xilinx/zcu1275/1.0/board.xml as part xczu29dr-ffvf1760-2-e specified in board_part file is either invalid or not available
WARNING: [Board 49-26] cannot add Board Part xilinx.com:zcu1285:part0:1.0 available at /tools/Xilinx/Vivado/2023.1/data/xhub/boards/XilinxBoardStore/boards/Xilinx/zcu1285/1.0/board.xml as part xczu39dr-ffvf1760-2-i specified in board_part file is either invalid or not available
WARNING: [Board 49-26] cannot add Board Part xilinx.com:zcu208:part0:2.0 available at /tools/Xilinx/Vivado/2023.1/data/xhub/boards/XilinxBoardStore/boards/Xilinx/zcu208/production/2.0/board.xml as part xczu48dr-fsvg1517-2-e specified in board_part file is either invalid or not available
WARNING: [Board 49-26] cannot add Board Part xilinx.com:zcu208ld:part0:2.0 available at /tools/Xilinx/Vivado/2023.1/data/xhub/boards/XilinxBoardStore/boards/Xilinx/zcu208ld/production/2.0/board.xml as part xczu58dr-fsvg1517-2-i specified in board_part file is either invalid or not available
WARNING: [Board 49-26] cannot add Board Part xilinx.com:zcu216:part0:2.0 available at /tools/Xilinx/Vivado/2023.1/data/xhub/boards/XilinxBoardStore/boards/Xilinx/zcu216/production/2.0/board.xml as part xczu49dr-ffvf1760-2-e specified in board_part file is either invalid or not available
WARNING: [Board 49-26] cannot add Board Part xilinx.com:zcu216ld:part0:2.0 available at /tools/Xilinx/Vivado/2023.1/data/xhub/boards/XilinxBoardStore/boards/Xilinx/zcu216ld/production/2.0/board.xml as part xczu59dr-ffvf1760-2-i specified in board_part file is either invalid or not available
WARNING: [Board 49-26] cannot add Board Part xilinx.com:zcu670:part0:2.0 available at /tools/Xilinx/Vivado/2023.1/data/xhub/boards/XilinxBoardStore/boards/Xilinx/zcu670/2.0/board.xml as part xczu67dr-fsve1156-2-i specified in board_part file is either invalid or not available
WARNING: [Board 49-26] cannot add Board Part xilinx.com:zcu670ld:part0:1.0 available at /tools/Xilinx/Vivado/2023.1/data/xhub/boards/XilinxBoardStore/boards/Xilinx/zcu670ld/1.0/board.xml as part xczu57dr-fsve1156-2-i specified in board_part file is either invalid or not available
INFO: [IP_Flow 19-234] Refreshing IP repositories
INFO: [IP_Flow 19-1704] No user IP repositories specified
INFO: [IP_Flow 19-2313] Loaded Vivado IP repository '/tools/Xilinx/Vivado/2023.1/data/ip'.
create_project: Time (s): cpu = 00:00:34 ; elapsed = 00:00:13 . Memory (MB): peak = 7799.094 ; gain = 360.285 ; free physical = 4056 ; free virtual = 6687
INFO: [open_example_project] Importing original IP ...
INFO: [open_example_project] Generating the example project IP ...
INFO: [IP_Flow 19-1706] Not generating 'Instantiation Template' target for IP 'gig_ethernet_pcs_pma'. Target already exists and is up to date.
INFO: [IP_Flow 19-1706] Not generating 'Synthesis' target for IP 'gig_ethernet_pcs_pma'. Target already exists and is up to date.
INFO: [IP_Flow 19-1706] Not generating 'Simulation' target for IP 'gig_ethernet_pcs_pma'. Target already exists and is up to date.
INFO: [IP_Flow 19-1706] Not generating 'Implementation' target for IP 'gig_ethernet_pcs_pma'. Target already exists and is up to date.
INFO: [open_example_project] Adding example synthesis HDL files ...
INFO: [open_example_project] Adding example XDC files ...
INFO: [open_example_project] Adding simulation HDL files ...
INFO: [open_example_project] Rebuilding top IP...
INFO: [exportsim-Tcl-40] Using compiled simulation libraries for IPs
INFO: [SIM-utils-72] Using boost library from '/tools/Xilinx/Vivado/2023.1/tps/boost_1_72_0'
INFO: [exportsim-Tcl-35] Exporting simulation files for "XSIM" (Xilinx Vivado Simulator)...
INFO: [exportsim-Tcl-29] Pre-compiled simulation library path: '/tools/Xilinx/Vivado/2023.1/data/xsim'
INFO: [exportsim-Tcl-29] Script generated: '/home/mizoguchi/FW_Develop/NetWavetizer-40_V1/NetWavetizer-40_V1.srcs/sources_1/ip/gig_ethernet_pcs_pma/gig_ethernet_pcs_pma_ex/gig_ethernet_pcs_pma_ex.ip_user_files/sim_scripts/gig_ethernet_pcs_pma/xsim/gig_ethernet_pcs_pma.sh'
INFO: [SIM-utils-43] Exported '/home/mizoguchi/FW_Develop/NetWavetizer-40_V1/NetWavetizer-40_V1.srcs/sources_1/ip/gig_ethernet_pcs_pma/gig_ethernet_pcs_pma_ex/gig_ethernet_pcs_pma_ex.ip_user_files/sim_scripts/gig_ethernet_pcs_pma/xsim/configure_gt.tcl'
INFO: [exportsim-Tcl-35] Exporting simulation files for "MODELSIM" (Siemens ModelSim Simulator)...
INFO: [exportsim-Tcl-29] Pre-compiled simulation library path: '/home/mizoguchi/FW_Develop/NetWavetizer-40_V1/NetWavetizer-40_V1.srcs/sources_1/ip/gig_ethernet_pcs_pma/gig_ethernet_pcs_pma_ex/gig_ethernet_pcs_pma_ex.cache/compile_simlib/modelsim'
INFO: [exportsim-Tcl-29] Script generated: '/home/mizoguchi/FW_Develop/NetWavetizer-40_V1/NetWavetizer-40_V1.srcs/sources_1/ip/gig_ethernet_pcs_pma/gig_ethernet_pcs_pma_ex/gig_ethernet_pcs_pma_ex.ip_user_files/sim_scripts/gig_ethernet_pcs_pma/modelsim/gig_ethernet_pcs_pma.sh'
INFO: [SIM-utils-43] Exported '/home/mizoguchi/FW_Develop/NetWavetizer-40_V1/NetWavetizer-40_V1.srcs/sources_1/ip/gig_ethernet_pcs_pma/gig_ethernet_pcs_pma_ex/gig_ethernet_pcs_pma_ex.ip_user_files/sim_scripts/gig_ethernet_pcs_pma/modelsim/configure_gt.tcl'
INFO: [exportsim-Tcl-35] Exporting simulation files for "QUESTA" (Siemens Questa Advanced Simulator)...
INFO: [exportsim-Tcl-29] Pre-compiled simulation library path: '/home/mizoguchi/FW_Develop/NetWavetizer-40_V1/NetWavetizer-40_V1.srcs/sources_1/ip/gig_ethernet_pcs_pma/gig_ethernet_pcs_pma_ex/gig_ethernet_pcs_pma_ex.cache/compile_simlib/questa'
INFO: [exportsim-Tcl-29] Script generated: '/home/mizoguchi/FW_Develop/NetWavetizer-40_V1/NetWavetizer-40_V1.srcs/sources_1/ip/gig_ethernet_pcs_pma/gig_ethernet_pcs_pma_ex/gig_ethernet_pcs_pma_ex.ip_user_files/sim_scripts/gig_ethernet_pcs_pma/questa/gig_ethernet_pcs_pma.sh'
INFO: [SIM-utils-43] Exported '/home/mizoguchi/FW_Develop/NetWavetizer-40_V1/NetWavetizer-40_V1.srcs/sources_1/ip/gig_ethernet_pcs_pma/gig_ethernet_pcs_pma_ex/gig_ethernet_pcs_pma_ex.ip_user_files/sim_scripts/gig_ethernet_pcs_pma/questa/configure_gt.tcl'
INFO: [exportsim-Tcl-5] Generating 3-step script for 'xcelium'. To create a single-step script, use the -single_step switch.
INFO: [exportsim-Tcl-35] Exporting simulation files for "XCELIUM" (Cadence Xcelium Parallel Simulator)...
INFO: [exportsim-Tcl-29] Pre-compiled simulation library path: '/home/mizoguchi/FW_Develop/NetWavetizer-40_V1/NetWavetizer-40_V1.srcs/sources_1/ip/gig_ethernet_pcs_pma/gig_ethernet_pcs_pma_ex/gig_ethernet_pcs_pma_ex.cache/compile_simlib/xcelium'
INFO: [exportsim-Tcl-29] Script generated: '/home/mizoguchi/FW_Develop/NetWavetizer-40_V1/NetWavetizer-40_V1.srcs/sources_1/ip/gig_ethernet_pcs_pma/gig_ethernet_pcs_pma_ex/gig_ethernet_pcs_pma_ex.ip_user_files/sim_scripts/gig_ethernet_pcs_pma/xcelium/gig_ethernet_pcs_pma.sh'
INFO: [SIM-utils-43] Exported '/home/mizoguchi/FW_Develop/NetWavetizer-40_V1/NetWavetizer-40_V1.srcs/sources_1/ip/gig_ethernet_pcs_pma/gig_ethernet_pcs_pma_ex/gig_ethernet_pcs_pma_ex.ip_user_files/sim_scripts/gig_ethernet_pcs_pma/xcelium/configure_gt.tcl'
INFO: [exportsim-Tcl-35] Exporting simulation files for "VCS" (Synopsys Verilog Compiler Simulator)...
INFO: [exportsim-Tcl-29] Pre-compiled simulation library path: '/home/mizoguchi/FW_Develop/NetWavetizer-40_V1/NetWavetizer-40_V1.srcs/sources_1/ip/gig_ethernet_pcs_pma/gig_ethernet_pcs_pma_ex/gig_ethernet_pcs_pma_ex.cache/compile_simlib/vcs'
INFO: [exportsim-Tcl-29] Script generated: '/home/mizoguchi/FW_Develop/NetWavetizer-40_V1/NetWavetizer-40_V1.srcs/sources_1/ip/gig_ethernet_pcs_pma/gig_ethernet_pcs_pma_ex/gig_ethernet_pcs_pma_ex.ip_user_files/sim_scripts/gig_ethernet_pcs_pma/vcs/gig_ethernet_pcs_pma.sh'
INFO: [SIM-utils-43] Exported '/home/mizoguchi/FW_Develop/NetWavetizer-40_V1/NetWavetizer-40_V1.srcs/sources_1/ip/gig_ethernet_pcs_pma/gig_ethernet_pcs_pma_ex/gig_ethernet_pcs_pma_ex.ip_user_files/sim_scripts/gig_ethernet_pcs_pma/vcs/configure_gt.tcl'
INFO: [exportsim-Tcl-35] Exporting simulation files for "RIVIERA" (Aldec Riviera-PRO Simulator)...
INFO: [exportsim-Tcl-29] Pre-compiled simulation library path: '/home/mizoguchi/FW_Develop/NetWavetizer-40_V1/NetWavetizer-40_V1.srcs/sources_1/ip/gig_ethernet_pcs_pma/gig_ethernet_pcs_pma_ex/gig_ethernet_pcs_pma_ex.cache/compile_simlib/riviera'
INFO: [exportsim-Tcl-29] Script generated: '/home/mizoguchi/FW_Develop/NetWavetizer-40_V1/NetWavetizer-40_V1.srcs/sources_1/ip/gig_ethernet_pcs_pma/gig_ethernet_pcs_pma_ex/gig_ethernet_pcs_pma_ex.ip_user_files/sim_scripts/gig_ethernet_pcs_pma/riviera/gig_ethernet_pcs_pma.sh'
INFO: [SIM-utils-43] Exported '/home/mizoguchi/FW_Develop/NetWavetizer-40_V1/NetWavetizer-40_V1.srcs/sources_1/ip/gig_ethernet_pcs_pma/gig_ethernet_pcs_pma_ex/gig_ethernet_pcs_pma_ex.ip_user_files/sim_scripts/gig_ethernet_pcs_pma/riviera/configure_gt.tcl'
INFO: [exportsim-Tcl-35] Exporting simulation files for "ACTIVEHDL" (Aldec Active-HDL Simulator)...
INFO: [exportsim-Tcl-29] Pre-compiled simulation library path: '/home/mizoguchi/FW_Develop/NetWavetizer-40_V1/NetWavetizer-40_V1.srcs/sources_1/ip/gig_ethernet_pcs_pma/gig_ethernet_pcs_pma_ex/gig_ethernet_pcs_pma_ex.cache/compile_simlib/activehdl'
INFO: [exportsim-Tcl-29] Script generated: '/home/mizoguchi/FW_Develop/NetWavetizer-40_V1/NetWavetizer-40_V1.srcs/sources_1/ip/gig_ethernet_pcs_pma/gig_ethernet_pcs_pma_ex/gig_ethernet_pcs_pma_ex.ip_user_files/sim_scripts/gig_ethernet_pcs_pma/activehdl/gig_ethernet_pcs_pma.sh'
INFO: [SIM-utils-43] Exported '/home/mizoguchi/FW_Develop/NetWavetizer-40_V1/NetWavetizer-40_V1.srcs/sources_1/ip/gig_ethernet_pcs_pma/gig_ethernet_pcs_pma_ex/gig_ethernet_pcs_pma_ex.ip_user_files/sim_scripts/gig_ethernet_pcs_pma/activehdl/configure_gt.tcl'
INFO: [open_example_project] Open Example Project completed
update_compile_order -fileset sources_1
exit
INFO: [Common 17-206] Exiting Vivado at Mon Jan  1 23:21:08 2024...
